<tcSummaryAction _class="com.smartbear.jenkins.plugins.testcomplete.TcSummaryAction">
  <report>
    <agent>Jenkins</agent>
    <details>
      <duration>4806</duration>
      <errors>0</errors>
      <timestamp>1535544341163</timestamp>
      <warnings>0</warnings>
    </details>
    <error/>
    <exitCode>0</exitCode>
    <failedToStart>false</failedToStart>
    <success>true</success>
    <testName>
      Orders_C#_JavaScript/Orders_C#_JavaScript/Orders_JavaScript/Main
    </testName>
    <url>
      http://localhost:8080/job/TestJob/6/TestComplete/reports/3536754
    </url>
  </report>
<tcSummaryAction>
